  Crypt_Guard.c
C:\Users\red_s\OneDrive\Desktop\mal-dev\Crypt_Guard\Crypt_Guard\struct.h(746,11): warning C4244: 'function': conversion from 'ULONGLONG' to 'unsigned int', possible loss of data
  (compiling source file 'Crypt_Guard.c')
  
C:\Users\red_s\OneDrive\Desktop\mal-dev\Crypt_Guard\Crypt_Guard\struct.h(751,28): warning C4244: 'function': conversion from 'ULONGLONG' to 'unsigned int', possible loss of data
  (compiling source file 'Crypt_Guard.c')
  
C:\Users\red_s\OneDrive\Desktop\mal-dev\Crypt_Guard\Crypt_Guard\struct.h(1247,43): warning C4267: 'function': conversion from 'size_t' to 'DWORD', possible loss of data
  (compiling source file 'Crypt_Guard.c')
  
C:\Users\red_s\OneDrive\Desktop\mal-dev\Crypt_Guard\Crypt_Guard\struct.h(1351,9): warning C4098: 'xor_decrypt': 'void' function returning a value
  (compiling source file 'Crypt_Guard.c')
  
C:\Users\red_s\OneDrive\Desktop\mal-dev\Crypt_Guard\Crypt_Guard\Crypt_Guard.c(57,35): warning C4244: 'function': conversion from 'SIZE_T' to 'DWORD', possible loss of data
C:\Users\red_s\OneDrive\Desktop\mal-dev\Crypt_Guard\Crypt_Guard\Crypt_Guard.c(46,10): warning C4047: 'initializing': 'BYTE' differs in levels of indirection from 'void *'
C:\Users\red_s\OneDrive\Desktop\mal-dev\Crypt_Guard\Crypt_Guard\Crypt_Guard.c(83,45): warning C4133: 'function': incompatible types - from 'SIZE_T *' to 'PDWORD'
C:\Users\red_s\OneDrive\Desktop\mal-dev\Crypt_Guard\Crypt_Guard\Crypt_Guard.c(85,9): warning C4098: 'aes': 'void' function returning a value
C:\Users\red_s\OneDrive\Desktop\mal-dev\Crypt_Guard\Crypt_Guard\Crypt_Guard.c(92,9): warning C4098: 'aes': 'void' function returning a value
C:\Users\red_s\OneDrive\Desktop\mal-dev\Crypt_Guard\Crypt_Guard\Crypt_Guard.c(124,10): warning C4047: 'initializing': 'BYTE' differs in levels of indirection from 'void *'
  Generating code
  0 of 42 functions ( 0.0%) were compiled, the rest were copied from previous compilation.
    0 functions were new in current compilation
    0 functions had inline decision re-evaluated but remain unchanged
  Finished generating code
  Crypt_Guard.vcxproj -> C:\Users\red_s\OneDrive\Desktop\mal-dev\Crypt_Guard\x64\Release\Crypt_Guard.exe
